0 info it worked if it ends with ok
1 verbose cli [ '/Users/olexa/.nvm/versions/node/v4.0.0/bin/node',
1 verbose cli   '/Users/olexa/.nvm/versions/node/v4.0.0/bin/npm',
1 verbose cli   'install',
1 verbose cli   'normalize.css' ]
2 info using npm@2.14.2
3 info using node@v4.0.0
4 verbose config Skipping project config: /Users/olexa/.npmrc. (matches userconfig)
5 verbose install initial load of /Users/olexa/package.json
6 verbose installManyTop reading scoped package data from /Users/olexa/node_modules/bower/package.json
7 verbose installManyTop reading scoped package data from /Users/olexa/node_modules/getmac/package.json
8 verbose installManyTop reading scoped package data from /Users/olexa/node_modules/normalize.css/package.json
9 info package.json getmac@1.0.7 license should be a valid SPDX license expression
10 verbose readDependencies loading dependencies from /Users/olexa/package.json
11 verbose install normalize.css is installed as 3.0.3
12 silly cache add args [ 'normalize.css', null ]
13 verbose cache add spec normalize.css
14 silly cache add parsed spec Result {
14 silly cache add   raw: 'normalize.css',
14 silly cache add   scope: null,
14 silly cache add   name: null,
14 silly cache add   rawSpec: 'normalize.css',
14 silly cache add   spec: '/Users/olexa/Teamvoy projects/canvas/normalize.css',
14 silly cache add   type: 'local' }
15 silly addLocalTarball shasum (computed) ece571f38180febaf02ace8187ead8318a300ea7
16 verbose addTmpTarball /Users/olexa/Teamvoy projects/canvas/normalize.css not in flight; adding
17 verbose addTmpTarball validating metadata from /Users/olexa/Teamvoy projects/canvas/normalize.css
18 verbose tar unpack /Users/olexa/Teamvoy projects/canvas/normalize.css
19 verbose tar unpacking to /var/folders/hl/84d9c5t17qb7q414qg0syy400000gp/T/npm-22474-ad2341fb/unpack-7f3d0f54ffc7
20 silly gentlyRm /var/folders/hl/84d9c5t17qb7q414qg0syy400000gp/T/npm-22474-ad2341fb/unpack-7f3d0f54ffc7 is being purged
21 verbose gentlyRm don't care about contents; nuking /var/folders/hl/84d9c5t17qb7q414qg0syy400000gp/T/npm-22474-ad2341fb/unpack-7f3d0f54ffc7
22 silly gunzTarPerm modes [ '755', '644' ]
23 error not a package /Users/olexa/Teamvoy projects/canvas/normalize.css
24 error addLocal Could not install /Users/olexa/Teamvoy projects/canvas/normalize.css
25 verbose stack Error: ENOENT: no such file or directory, open '/var/folders/hl/84d9c5t17qb7q414qg0syy400000gp/T/npm-22474-ad2341fb/unpack-7f3d0f54ffc7/package.json'
25 verbose stack     at Error (native)
26 verbose cwd /Users/olexa/Teamvoy projects/canvas
27 error Darwin 14.5.0
28 error argv "/Users/olexa/.nvm/versions/node/v4.0.0/bin/node" "/Users/olexa/.nvm/versions/node/v4.0.0/bin/npm" "install" "normalize.css"
29 error node v4.0.0
30 error npm  v2.14.2
31 error path /var/folders/hl/84d9c5t17qb7q414qg0syy400000gp/T/npm-22474-ad2341fb/unpack-7f3d0f54ffc7/package.json
32 error code ENOENT
33 error errno -2
34 error syscall open
35 error enoent ENOENT: no such file or directory, open '/var/folders/hl/84d9c5t17qb7q414qg0syy400000gp/T/npm-22474-ad2341fb/unpack-7f3d0f54ffc7/package.json'
35 error enoent This is most likely not a problem with npm itself
35 error enoent and is related to npm not being able to find a file.
36 verbose exit [ -2, true ]
